Packaging source... OK
Uploading source... OK
Starting build... OK
Authenticating 470778123668.dkr.ecr.us-east-1.amazonaws.com/ht3/httpd: WARNING! Your password will be stored unencrypted in /root/.docker/config.json.
Configure a credential helper to remove this warning. See
https://docs.docker.com/engine/reference/commandline/login/#credentials-store

Login Succeeded
Building: .
Sending build context to Docker daemon  18.94kB
Step 1/7 : FROM httpd
 ---> d16a51d08814
Step 2/7 : RUN apt update > /dev/null 2>&1
 ---> Using cache
 ---> b41756f4f3a1
Step 3/7 : RUN apt install -y curl postgresql-client redis ncat mariadb-client > /dev/null 2>&1
 ---> Using cache
 ---> 5e442bf53fdb
Step 4/7 : COPY ./scripts/ /usr/scripts/
 ---> Using cache
 ---> dd82c6a4a236
Step 5/7 : RUN find /usr/scripts/ -type f -iname "*.sh" -exec chmod +x {} \;
 ---> Using cache
 ---> 91a1b2913b30
Step 6/7 : COPY new-feature.html /usr/local/apache2/htdocs/index.html
 ---> c7cecb562c7e
Step 7/7 : ENTRYPOINT sleep 60 && httpd-foreground
 ---> Running in 83044d5db71d
Removing intermediate container 83044d5db71d
 ---> 296a88257598
Successfully built 296a88257598
Successfully tagged 92cf499b8bd1ace254e9534ee49dac7e59225ff9e0ebb24aea77ff3a:latest
Running: docker tag 92cf499b8bd1ace254e9534ee49dac7e59225ff9e0ebb24aea77ff3a ht3/httpd:web.BDQAJPWZROM
Running: docker tag ht3/httpd:web.BDQAJPWZROM 470778123668.dkr.ecr.us-east-1.amazonaws.com/ht3/httpd:web.BDQAJPWZROM
Running: docker push 470778123668.dkr.ecr.us-east-1.amazonaws.com/ht3/httpd:web.BDQAJPWZROM

Promoting RCWJFNDNCSX... 
2022-10-17T18:34:12Z system/k8s/atom/app Status: Running => Pending
2022-10-17T18:34:13Z system/k8s/web-5fc7c7897f Created pod: web-5fc7c7897f-7pmrg
2022-10-17T18:34:13Z system/k8s/web Scaled down replica set web-7c79f6c8bc to 1
2022-10-17T18:34:13Z system/k8s/web-5fc7c7897f Created pod: web-5fc7c7897f-h7k7l
2022-10-17T18:34:13Z system/k8s/web-5fc7c7897f-h7k7l Successfully assigned ht3-httpd/web-5fc7c7897f-h7k7l to ip-10-1-121-110.ec2.internal
2022-10-17T18:34:13Z system/k8s/web-7c79f6c8bc Deleted pod: web-7c79f6c8bc-97d8z
2022-10-17T18:34:13Z system/k8s/web-5fc7c7897f-7pmrg Successfully assigned ht3-httpd/web-5fc7c7897f-7pmrg to ip-10-1-187-92.ec2.internal
2022-10-17T18:34:13Z system/k8s/atom/app Status: Pending => Updating
2022-10-17T18:34:13Z system/k8s/web Scaled up replica set web-5fc7c7897f to 2
2022-10-17T18:34:14Z system/k8s/web-5fc7c7897f-h7k7l Pulling image "470778123668.dkr.ecr.us-east-1.amazonaws.com/ht3/httpd:web.BDQAJPWZROM"
2022-10-17T18:34:14Z system/k8s/web-5fc7c7897f-7pmrg Failed to create pod sandbox: rpc error: code = Unknown desc = failed to set up sandbox container "8a748cc64b002aecca52e3e696aa4b7ebab370861270fe5f50eaed7708ef14fd" network for pod "web-5fc7c7897f-7pmrg": networkPlugin cni failed to set up pod "web-5fc7c7897f-7pmrg_ht3-httpd" network: add cmd: failed to assign an IP address to container
2022-10-17T18:34:14Z system/k8s/web-5fc7c7897f-h7k7l Successfully pulled image "470778123668.dkr.ecr.us-east-1.amazonaws.com/ht3/httpd:web.BDQAJPWZROM" in 409.152772ms
2022-10-17T18:34:14Z system/k8s/web-5fc7c7897f-h7k7l Created container httpd
2022-10-17T18:34:14Z system/k8s/web-5fc7c7897f-h7k7l Started container httpd
2022-10-17T18:34:15Z system/k8s/web-5fc7c7897f-7pmrg Pod sandbox changed, it will be killed and re-created.
2022-10-17T18:34:15Z system/k8s/web-5fc7c7897f-7pmrg Failed to create pod sandbox: rpc error: code = Unknown desc = failed to set up sandbox container "790c429c10c78b4ce153ab4cc0f7f7e600484fd9f54f385bafe672f25b4450cf" network for pod "web-5fc7c7897f-7pmrg": networkPlugin cni failed to set up pod "web-5fc7c7897f-7pmrg_ht3-httpd" network: add cmd: failed to assign an IP address to container
2022-10-17T18:34:16Z system/k8s/web-5fc7c7897f-7pmrg Failed to create pod sandbox: rpc error: code = Unknown desc = failed to set up sandbox container "d14c3b561afb53cc5e6d782fd083785c384684d7df3defbb3b0ac12e8917a31d" network for pod "web-5fc7c7897f-7pmrg": networkPlugin cni failed to set up pod "web-5fc7c7897f-7pmrg_ht3-httpd" network: add cmd: failed to assign an IP address to container
2022-10-17T18:34:17Z system/k8s/web-5fc7c7897f-7pmrg Failed to create pod sandbox: rpc error: code = Unknown desc = failed to set up sandbox container "eab30759972e50ef4f29a0176a00c0dc1d94e8820fab81e3c56fca8f600d4906" network for pod "web-5fc7c7897f-7pmrg": networkPlugin cni failed to set up pod "web-5fc7c7897f-7pmrg_ht3-httpd" network: add cmd: failed to assign an IP address to container
2022-10-17T18:34:18Z system/k8s/web-5fc7c7897f-7pmrg Failed to create pod sandbox: rpc error: code = Unknown desc = failed to set up sandbox container "543aabf103e4df7fbbfdfe9d583b445bf819b930f92910a2b2cfd75e52efdc03" network for pod "web-5fc7c7897f-7pmrg": networkPlugin cni failed to set up pod "web-5fc7c7897f-7pmrg_ht3-httpd" network: add cmd: failed to assign an IP address to container
2022-10-17T18:34:19Z system/k8s/web-5fc7c7897f-7pmrg Failed to create pod sandbox: rpc error: code = Unknown desc = failed to set up sandbox container "9c5b58591fba06e501676965041d52ed5b15bede1bb862c2af995f41299a076b" network for pod "web-5fc7c7897f-7pmrg": networkPlugin cni failed to set up pod "web-5fc7c7897f-7pmrg_ht3-httpd" network: add cmd: failed to assign an IP address to container
2022-10-17T18:34:20Z system/k8s/web-5fc7c7897f-7pmrg Failed to create pod sandbox: rpc error: code = Unknown desc = failed to set up sandbox container "99b354761a5c26bd9589c93658521eca084b63b6452d1c4ba9d616751d758490" network for pod "web-5fc7c7897f-7pmrg": networkPlugin cni failed to set up pod "web-5fc7c7897f-7pmrg_ht3-httpd" network: add cmd: failed to assign an IP address to container
2022-10-17T18:34:21Z system/k8s/web-5fc7c7897f-7pmrg Failed to create pod sandbox: rpc error: code = Unknown desc = failed to set up sandbox container "672c9ec9ca0d842b34e20e320679d23f1a8559d592d8c85627b14be6999611da" network for pod "web-5fc7c7897f-7pmrg": networkPlugin cni failed to set up pod "web-5fc7c7897f-7pmrg_ht3-httpd" network: add cmd: failed to assign an IP address to container
2022-10-17T18:34:22Z system/k8s/web-5fc7c7897f-7pmrg Failed to create pod sandbox: rpc error: code = Unknown desc = failed to set up sandbox container "5e236a275d4aa570213752c69dee9ee5cbc8ff6f629e3fa71f8936e770db0ebc" network for pod "web-5fc7c7897f-7pmrg": networkPlugin cni failed to set up pod "web-5fc7c7897f-7pmrg_ht3-httpd" network: add cmd: failed to assign an IP address to container
2022-10-17T18:34:23Z system/k8s/web-5fc7c7897f-h7k7l Readiness probe failed: Get "http://10.1.112.222:80/": dial tcp 10.1.112.222:80: connect: connection refused
2022-10-17T18:34:23Z system/k8s/web-5fc7c7897f-7pmrg (combined from similar events): Failed to create pod sandbox: rpc error: code = Unknown desc = failed to set up sandbox container "efb3f5159a55ac38cb1f3f74fb7f2a44d804221c883c7a124be0ba16e54a1a86" network for pod "web-5fc7c7897f-7pmrg": networkPlugin cni failed to set up pod "web-5fc7c7897f-7pmrg_ht3-httpd" network: add cmd: failed to assign an IP address to container
2022-10-17T18:34:23Z system/k8s/atom/app Status: Updating => Cancelled
2022-10-17T18:34:24Z system/k8s/web-5fc7c7897f-7pmrg Container image "470778123668.dkr.ecr.us-east-1.amazonaws.com/ht3/httpd:web.BDQAJPWZROM" already present on machine
2022-10-17T18:34:24Z system/k8s/web-5fc7c7897f-7pmrg Created container httpd
2022-10-17T18:34:24Z system/k8s/web-5fc7c7897f-7pmrg Started container httpd
2022-10-17T18:34:25Z system/k8s/web-5fc7c7897f Deleted pod: web-5fc7c7897f-7pmrg
2022-10-17T18:34:25Z system/k8s/atom/app Status: Cancelled => Rollback
2022-10-17T18:34:26Z system/k8s/web-59db7d5969-swb4h MountVolume.SetUp failed for volume "ca" : failed to sync configmap cache: timed out waiting for the condition
2022-10-17T18:34:28Z system/k8s/web-59db7d5969-swb4h Container image "470778123668.dkr.ecr.us-east-1.amazonaws.com/ht3/httpd:web.BNUSCSIGAPW" already present on machine
2022-10-17T18:34:28Z system/k8s/web-59db7d5969-swb4h Created container httpd
2022-10-17T18:34:28Z system/k8s/web-59db7d5969-swb4h Started container httpd
ERROR: rollback
Packaging source... OK
Uploading source... OK
Starting build... OK
Authenticating 470778123668.dkr.ecr.us-east-1.amazonaws.com/ht9/httpd: WARNING! Your password will be stored unencrypted in /root/.docker/config.json.
Configure a credential helper to remove this warning. See
https://docs.docker.com/engine/reference/commandline/login/#credentials-store

Login Succeeded
Building: .
Sending build context to Docker daemon  26.62kB
Step 1/7 : FROM httpd
 ---> d16a51d08814
Step 2/7 : RUN apt update > /dev/null 2>&1
 ---> Using cache
 ---> 6d33fa5b5e1c
Step 3/7 : RUN apt install -y curl postgresql-client redis ncat mariadb-client > /dev/null 2>&1
 ---> Using cache
 ---> e94abab4ac8f
Step 4/7 : COPY ./scripts/ /usr/scripts/
 ---> Using cache
 ---> 182a73aa46bf
Step 5/7 : RUN find /usr/scripts/ -type f -iname "*.sh" -exec chmod +x {} \;
 ---> Using cache
 ---> b1ffea2d6923
Step 6/7 : COPY new-feature.html /usr/local/apache2/htdocs/index.html
 ---> 610c46b233bc
Step 7/7 : ENTRYPOINT sleep 60 && httpd-foreground
 ---> Running in 4b5e8bbc3827
Removing intermediate container 4b5e8bbc3827
 ---> c5215b35b982
Successfully built c5215b35b982
Successfully tagged d683e056af934c1e3183fccd0550d9568a4b2da73ff3fe9a9b10b8fa:latest
Running: docker tag d683e056af934c1e3183fccd0550d9568a4b2da73ff3fe9a9b10b8fa ht9/httpd:web.BXJQALNPMWH
Running: docker tag ht9/httpd:web.BXJQALNPMWH 470778123668.dkr.ecr.us-east-1.amazonaws.com/ht9/httpd:web.BXJQALNPMWH
Running: docker push 470778123668.dkr.ecr.us-east-1.amazonaws.com/ht9/httpd:web.BXJQALNPMWH

Promoting RDYTCHSTMZZ... 
2022-10-18T20:31:32Z system/k8s/atom/app Status: Running => Pending
2022-10-18T20:31:34Z system/k8s/web Scaled up replica set web-849c999d78 to 2
2022-10-18T20:31:34Z system/k8s/web-849c999d78 Created pod: web-849c999d78-mc8dt
2022-10-18T20:31:34Z system/k8s/web Scaled down replica set web-68d99c44bd to 1
2022-10-18T20:31:34Z system/k8s/web-849c999d78-mc8dt Successfully assigned ht9-httpd/web-849c999d78-mc8dt to ip-10-1-250-221.ec2.internal
2022-10-18T20:31:34Z system/k8s/web-849c999d78 Created pod: web-849c999d78-l2h74
2022-10-18T20:31:34Z system/k8s/web-849c999d78-l2h74 0/3 nodes are available: 1 Insufficient memory, 3 Too many pods.
2022-10-18T20:31:34Z system/k8s/atom/app Status: Pending => Updating
2022-10-18T20:31:34Z system/k8s/web-68d99c44bd Deleted pod: web-68d99c44bd-8f74s
2022-10-18T20:31:35Z system/k8s/web-849c999d78-mc8dt Failed to create pod sandbox: rpc error: code = Unknown desc = failed to set up sandbox container "7d13466e817ccccf3c1603d54f480cf2da4b4eb987449576e504ccd9af732b45" network for pod "web-849c999d78-mc8dt": networkPlugin cni failed to set up pod "web-849c999d78-mc8dt_ht9-httpd" network: add cmd: failed to assign an IP address to container
2022-10-18T20:31:35Z system/k8s/web-849c999d78-mc8dt Pod sandbox changed, it will be killed and re-created.
2022-10-18T20:31:36Z system/k8s/web-849c999d78-l2h74 Successfully assigned ht9-httpd/web-849c999d78-l2h74 to ip-10-1-171-87.ec2.internal
2022-10-18T20:31:36Z system/k8s/web-849c999d78-mc8dt Failed to create pod sandbox: rpc error: code = Unknown desc = failed to set up sandbox container "0255131b8820914fc8a611d0ae3e12a6b8e328af77ff74aa0a462faa9eaad652" network for pod "web-849c999d78-mc8dt": networkPlugin cni failed to set up pod "web-849c999d78-mc8dt_ht9-httpd" network: add cmd: failed to assign an IP address to container
2022-10-18T20:31:36Z system/k8s/web-849c999d78-l2h74 Pulling image "470778123668.dkr.ecr.us-east-1.amazonaws.com/ht9/httpd:web.BXJQALNPMWH"
2022-10-18T20:31:37Z system/k8s/web-849c999d78-l2h74 Successfully pulled image "470778123668.dkr.ecr.us-east-1.amazonaws.com/ht9/httpd:web.BXJQALNPMWH" in 374.135467ms
2022-10-18T20:31:37Z system/k8s/web-849c999d78-l2h74 Created container httpd
2022-10-18T20:31:37Z system/k8s/web-849c999d78-l2h74 Started container httpd
2022-10-18T20:31:37Z system/k8s/web-849c999d78-mc8dt Failed to create pod sandbox: rpc error: code = Unknown desc = failed to set up sandbox container "c5b68463f71df24796fb391c81a763b6f482a783c975640f73841f8d0c1ec796" network for pod "web-849c999d78-mc8dt": networkPlugin cni failed to set up pod "web-849c999d78-mc8dt_ht9-httpd" network: add cmd: failed to assign an IP address to container
2022-10-18T20:31:38Z system/k8s/web-849c999d78-mc8dt Failed to create pod sandbox: rpc error: code = Unknown desc = failed to set up sandbox container "30d31df2f51d9ec27965ff12240ec33f595e881e29278534e9aaa06a0c461f61" network for pod "web-849c999d78-mc8dt": networkPlugin cni failed to set up pod "web-849c999d78-mc8dt_ht9-httpd" network: add cmd: failed to assign an IP address to container
2022-10-18T20:31:39Z system/k8s/web-849c999d78-mc8dt Failed to create pod sandbox: rpc error: code = Unknown desc = failed to set up sandbox container "a624f21fbc7293711dd0562b584e04102cb70dc75444d917093a35e55de57118" network for pod "web-849c999d78-mc8dt": networkPlugin cni failed to set up pod "web-849c999d78-mc8dt_ht9-httpd" network: add cmd: failed to assign an IP address to container
2022-10-18T20:31:40Z system/k8s/web-849c999d78-mc8dt Failed to create pod sandbox: rpc error: code = Unknown desc = failed to set up sandbox container "eac15eb29e578576d080cc0e65aa4570f95fca52c4f036efb5d21c65ae1d9694" network for pod "web-849c999d78-mc8dt": networkPlugin cni failed to set up pod "web-849c999d78-mc8dt_ht9-httpd" network: add cmd: failed to assign an IP address to container
2022-10-18T20:31:41Z system/k8s/web-849c999d78-mc8dt Failed to create pod sandbox: rpc error: code = Unknown desc = failed to set up sandbox container "2c60af4c87f69aee1a5d4be6a14fdee3cb5bdae2a93764e6ea0b8a5049922985" network for pod "web-849c999d78-mc8dt": networkPlugin cni failed to set up pod "web-849c999d78-mc8dt_ht9-httpd" network: add cmd: failed to assign an IP address to container
2022-10-18T20:31:42Z system/k8s/web-849c999d78-mc8dt Failed to create pod sandbox: rpc error: code = Unknown desc = failed to set up sandbox container "11e7cfd92263b52f27cc784d7f2f3231357f98511be682b62cf31f0cca06ed8a" network for pod "web-849c999d78-mc8dt": networkPlugin cni failed to set up pod "web-849c999d78-mc8dt_ht9-httpd" network: add cmd: failed to assign an IP address to container
2022-10-18T20:31:43Z system/k8s/web-849c999d78-mc8dt Failed to create pod sandbox: rpc error: code = Unknown desc = failed to set up sandbox container "aa7d8b34b7374cd821f1da27f4173696e66c4b6e9c4c0991ac6eab06d37a5108" network for pod "web-849c999d78-mc8dt": networkPlugin cni failed to set up pod "web-849c999d78-mc8dt_ht9-httpd" network: add cmd: failed to assign an IP address to container
2022-10-18T20:31:44Z system/k8s/web-849c999d78-mc8dt (combined from similar events): Failed to create pod sandbox: rpc error: code = Unknown desc = failed to set up sandbox container "802e06dd7e2c7a7a7c7374cc70b0fed1e0bebf979cbe031adef64af40699ecad" network for pod "web-849c999d78-mc8dt": networkPlugin cni failed to set up pod "web-849c999d78-mc8dt_ht9-httpd" network: add cmd: failed to assign an IP address to container
2022-10-18T20:31:44Z system/k8s/atom/app Status: Updating => Cancelled
2022-10-18T20:31:46Z system/k8s/web (combined from similar events): Scaled down replica set web-849c999d78 to 1
2022-10-18T20:31:46Z system/k8s/atom/app Status: Cancelled => Rollback
2022-10-18T20:31:46Z system/k8s/web-849c999d78 Deleted pod: web-849c999d78-mc8dt
2022-10-18T20:31:46Z system/k8s/web-849c999d78 Deleted pod: web-849c999d78-l2h74
2022-10-18T20:31:46Z system/k8s/web-849c999d78-l2h74 Readiness probe failed: Get "http://10.1.173.168:80/": dial tcp 10.1.173.168:80: connect: connection refused
2022-10-18T20:31:46Z system/k8s/web-596c78798 Created pod: web-596c78798-md4lr
2022-10-18T20:31:46Z system/k8s/web-596c78798-md4lr Successfully assigned ht9-httpd/web-596c78798-md4lr to ip-10-1-83-148.ec2.internal
2022-10-18T20:31:47Z system/k8s/web-596c78798-md4lr Container image "470778123668.dkr.ecr.us-east-1.amazonaws.com/ht9/httpd:web.BJSKDMYSGUG" already present on machine
2022-10-18T20:31:47Z system/k8s/web-596c78798-md4lr Created container httpd
2022-10-18T20:31:47Z system/k8s/web-596c78798-md4lr Started container httpd
ERROR: rollback
Packaging source... OK
Uploading source... OK
Starting build... OK
Authenticating 470778123668.dkr.ecr.us-east-1.amazonaws.com/ht9/httpd: WARNING! Your password will be stored unencrypted in /root/.docker/config.json.
Configure a credential helper to remove this warning. See
https://docs.docker.com/engine/reference/commandline/login/#credentials-store

Login Succeeded
Building: .
Sending build context to Docker daemon  34.82kB
Step 1/7 : FROM httpd
 ---> d16a51d08814
Step 2/7 : RUN apt update > /dev/null 2>&1
 ---> Using cache
 ---> 9d6af3f75b06
Step 3/7 : RUN apt install -y curl postgresql-client redis ncat mariadb-client > /dev/null 2>&1
 ---> Using cache
 ---> afded111ada9
Step 4/7 : COPY ./scripts/ /usr/scripts/
 ---> Using cache
 ---> 65e6127b657d
Step 5/7 : RUN find /usr/scripts/ -type f -iname "*.sh" -exec chmod +x {} \;
 ---> Using cache
 ---> 5c6b44464eee
Step 6/7 : COPY new-feature.html /usr/local/apache2/htdocs/index.html
 ---> 890b708c4306
Step 7/7 : ENTRYPOINT sleep 60 && httpd-foreground
 ---> Running in e72c84b109ad
Removing intermediate container e72c84b109ad
 ---> 35eb4769b43a
Successfully built 35eb4769b43a
Successfully tagged 541d50f790b947d7af2c01f936183bc7224556c4331d49c1d91f4803:latest
Running: docker tag 541d50f790b947d7af2c01f936183bc7224556c4331d49c1d91f4803 ht9/httpd:web.BSAETQJHGAS
Running: docker tag ht9/httpd:web.BSAETQJHGAS 470778123668.dkr.ecr.us-east-1.amazonaws.com/ht9/httpd:web.BSAETQJHGAS
Running: docker push 470778123668.dkr.ecr.us-east-1.amazonaws.com/ht9/httpd:web.BSAETQJHGAS

Promoting RXHJCHKXMJY... 
2022-10-18T20:54:00Z system/k8s/atom/app Status: Running => Pending
2022-10-18T20:54:03Z system/k8s/web-67cfdbd478 Created pod: web-67cfdbd478-7zdwh
2022-10-18T20:54:03Z system/k8s/web-67cfdbd478-7zdwh Successfully assigned ht9-httpd/web-67cfdbd478-7zdwh to ip-10-1-143-240.ec2.internal
2022-10-18T20:54:03Z system/k8s/atom/app Status: Pending => Updating
2022-10-18T20:54:04Z system/k8s/web-67cfdbd478-7zdwh Pulling image "470778123668.dkr.ecr.us-east-1.amazonaws.com/ht9/httpd:web.BSAETQJHGAS"
2022-10-18T20:54:10Z system/k8s/web-67cfdbd478-7zdwh Successfully pulled image "470778123668.dkr.ecr.us-east-1.amazonaws.com/ht9/httpd:web.BSAETQJHGAS" in 5.834281446s
2022-10-18T20:54:11Z system/k8s/web-67cfdbd478-7zdwh Started container httpd
2022-10-18T20:54:12Z system/k8s/atom/app Status: Updating => Cancelled
2022-10-18T20:54:14Z system/k8s/web-67cfdbd478 Deleted pod: web-67cfdbd478-7zdwh
2022-10-18T20:54:14Z system/k8s/atom/app Status: Cancelled => Rollback
2022-10-18T20:54:14Z system/k8s/atom/app Status: Rollback => Reverted
ERROR: rollback
